Start testing: Feb 04 01:58 Eastern Standard Time
----------------------------------------------------------
11/15 Testing: MonteCarloTest.BasicSimulation
11/15 Test: MonteCarloTest.BasicSimulation
Command: "C:/Users/pooja/Downloads/market-prophet-ai-platform/cpp/build/tests/montecarlo_test.exe" "--gtest_filter=MonteCarloTest.BasicSimulation" "--gtest_also_run_disabled_tests"
Directory: C:/Users/pooja/Downloads/market-prophet-ai-platform/cpp/build/tests
"MonteCarloTest.BasicSimulation" start time: Feb 04 01:58 Eastern Standard Time
Output:
----------------------------------------------------------
Note: Google Test filter = MonteCarloTest.BasicSimulation
[==========] Running 1 test from 1 test suite.
[----------] Global test environment set-up.
[----------] 1 test from MonteCarloTest
[ RUN      ] MonteCarloTest.BasicSimulation
[       OK ] MonteCarloTest.BasicSimulation (3 ms)
[----------] 1 test from MonteCarloTest (3 ms total)

[----------] Global test environment tear-down
[==========] 1 test from 1 test suite ran. (4 ms total)
[  PASSED  ] 1 test.
<end of output>
Test time =   0.02 sec
----------------------------------------------------------
Test Passed.
"MonteCarloTest.BasicSimulation" end time: Feb 04 01:58 Eastern Standard Time
"MonteCarloTest.BasicSimulation" time elapsed: 00:00:00
----------------------------------------------------------

12/15 Testing: MonteCarloTest.ExpectedReturn
12/15 Test: MonteCarloTest.ExpectedReturn
Command: "C:/Users/pooja/Downloads/market-prophet-ai-platform/cpp/build/tests/montecarlo_test.exe" "--gtest_filter=MonteCarloTest.ExpectedReturn" "--gtest_also_run_disabled_tests"
Directory: C:/Users/pooja/Downloads/market-prophet-ai-platform/cpp/build/tests
"MonteCarloTest.ExpectedReturn" start time: Feb 04 01:58 Eastern Standard Time
Output:
----------------------------------------------------------
Note: Google Test filter = MonteCarloTest.ExpectedReturn
[==========] Running 1 test from 1 test suite.
[----------] Global test environment set-up.
[----------] 1 test from MonteCarloTest
[ RUN      ] MonteCarloTest.ExpectedReturn
[       OK ] MonteCarloTest.ExpectedReturn (23 ms)
[----------] 1 test from MonteCarloTest (24 ms total)

[----------] Global test environment tear-down
[==========] 1 test from 1 test suite ran. (24 ms total)
[  PASSED  ] 1 test.
<end of output>
Test time =   0.04 sec
----------------------------------------------------------
Test Passed.
"MonteCarloTest.ExpectedReturn" end time: Feb 04 01:58 Eastern Standard Time
"MonteCarloTest.ExpectedReturn" time elapsed: 00:00:00
----------------------------------------------------------

13/15 Testing: MonteCarloTest.VaRCalculation
13/15 Test: MonteCarloTest.VaRCalculation
Command: "C:/Users/pooja/Downloads/market-prophet-ai-platform/cpp/build/tests/montecarlo_test.exe" "--gtest_filter=MonteCarloTest.VaRCalculation" "--gtest_also_run_disabled_tests"
Directory: C:/Users/pooja/Downloads/market-prophet-ai-platform/cpp/build/tests
"MonteCarloTest.VaRCalculation" start time: Feb 04 01:58 Eastern Standard Time
Output:
----------------------------------------------------------
Note: Google Test filter = MonteCarloTest.VaRCalculation
[==========] Running 1 test from 1 test suite.
[----------] Global test environment set-up.
[----------] 1 test from MonteCarloTest
[ RUN      ] MonteCarloTest.VaRCalculation
[       OK ] MonteCarloTest.VaRCalculation (0 ms)
[----------] 1 test from MonteCarloTest (0 ms total)

[----------] Global test environment tear-down
[==========] 1 test from 1 test suite ran. (0 ms total)
[  PASSED  ] 1 test.
<end of output>
Test time =   0.01 sec
----------------------------------------------------------
Test Passed.
"MonteCarloTest.VaRCalculation" end time: Feb 04 01:58 Eastern Standard Time
"MonteCarloTest.VaRCalculation" time elapsed: 00:00:00
----------------------------------------------------------

14/15 Testing: MonteCarloTest.MultiThreading
14/15 Test: MonteCarloTest.MultiThreading
Command: "C:/Users/pooja/Downloads/market-prophet-ai-platform/cpp/build/tests/montecarlo_test.exe" "--gtest_filter=MonteCarloTest.MultiThreading" "--gtest_also_run_disabled_tests"
Directory: C:/Users/pooja/Downloads/market-prophet-ai-platform/cpp/build/tests
"MonteCarloTest.MultiThreading" start time: Feb 04 01:58 Eastern Standard Time
Output:
----------------------------------------------------------
Note: Google Test filter = MonteCarloTest.MultiThreading
[==========] Running 1 test from 1 test suite.
[----------] Global test environment set-up.
[----------] 1 test from MonteCarloTest
[ RUN      ] MonteCarloTest.MultiThreading
[       OK ] MonteCarloTest.MultiThreading (96 ms)
[----------] 1 test from MonteCarloTest (96 ms total)

[----------] Global test environment tear-down
[==========] 1 test from 1 test suite ran. (96 ms total)
[  PASSED  ] 1 test.
<end of output>
Test time =   0.11 sec
----------------------------------------------------------
Test Passed.
"MonteCarloTest.MultiThreading" end time: Feb 04 01:58 Eastern Standard Time
"MonteCarloTest.MultiThreading" time elapsed: 00:00:00
----------------------------------------------------------

15/15 Testing: MonteCarloTest.CorrelationMatrix
15/15 Test: MonteCarloTest.CorrelationMatrix
Command: "C:/Users/pooja/Downloads/market-prophet-ai-platform/cpp/build/tests/montecarlo_test.exe" "--gtest_filter=MonteCarloTest.CorrelationMatrix" "--gtest_also_run_disabled_tests"
Directory: C:/Users/pooja/Downloads/market-prophet-ai-platform/cpp/build/tests
"MonteCarloTest.CorrelationMatrix" start time: Feb 04 01:58 Eastern Standard Time
Output:
----------------------------------------------------------
Note: Google Test filter = MonteCarloTest.CorrelationMatrix
[==========] Running 1 test from 1 test suite.
[----------] Global test environment set-up.
[----------] 1 test from MonteCarloTest
[ RUN      ] MonteCarloTest.CorrelationMatrix
[       OK ] MonteCarloTest.CorrelationMatrix (0 ms)
[----------] 1 test from MonteCarloTest (0 ms total)

[----------] Global test environment tear-down
[==========] 1 test from 1 test suite ran. (0 ms total)
[  PASSED  ] 1 test.
<end of output>
Test time =   0.01 sec
----------------------------------------------------------
Test Passed.
"MonteCarloTest.CorrelationMatrix" end time: Feb 04 01:58 Eastern Standard Time
"MonteCarloTest.CorrelationMatrix" time elapsed: 00:00:00
----------------------------------------------------------

End testing: Feb 04 01:58 Eastern Standard Time
